2023-05-19 10:34:59,796] - run - INFO in products:14:__init__   Initializing Orders app...
2023-05-19 10:35:00,844] - run - INFO in products:21:__del__    Destroying Orders App ...
2023-05-19 10:36:45,615] - run - INFO in products:14:__init__   Initializing Products app...
2023-05-19 10:36:45,669] - run - INFO in products:33:get        Received a GET request
2023-05-19 10:36:45,670] - run - INFO in products:21:__del__    Destroying Products App ...
2023-05-19 10:38:54,337] - run - INFO in products:14:__init__   Initializing Products app...
2023-05-19 10:38:54,391] - run - INFO in products:32:get        Received a GET request
2023-05-19 10:38:54,392] - run - INFO in products:22:__del__    Destroying Products App ...
2023-05-19 10:40:50,182] - run - INFO in products:14:__init__   Initializing Products app...
2023-05-19 10:40:50,201] - run - INFO in products:22:__del__    Destroying Products App ...
2023-05-19 11:41:51,230] - run - INFO in products:14:__init__   Initializing Products app...
2023-05-19 11:41:51,293] - run - INFO in products:37:post       Received a POST request
2023-05-19 11:41:51,294] - run - INFO in products:22:__del__    Destroying Products App ...
2023-05-19 11:49:28,770] - run - INFO in products:14:__init__   Initializing Products app...
2023-05-19 11:49:28,786] - run - INFO in products:37:post       Received a POST request
2023-05-19 11:49:28,787] - run - INFO in products:22:__del__    Destroying Products App ...
2023-05-19 11:50:36,502] - run - INFO in products:14:__init__   Initializing Products app...
2023-05-19 11:50:36,520] - run - INFO in products:37:post       Received a POST request
2023-05-19 11:50:36,522] - run - INFO in products:22:__del__    Destroying Products App ...
2023-05-19 11:51:56,436] - run - INFO in products:14:__init__   Initializing Products app...
2023-05-19 11:51:56,455] - run - INFO in products:37:post       Received a POST request
2023-05-19 11:51:56,456] - run - INFO in products:22:__del__    Destroying Products App ...
2023-05-19 11:53:47,941] - run - INFO in products:14:__init__   Initializing Products app...
2023-05-19 11:53:47,964] - run - INFO in products:32:get        Received a GET request
2023-05-19 11:53:47,964] - run - INFO in products:22:__del__    Destroying Products App ...
2023-05-19 11:54:17,649] - run - INFO in products:14:__init__   Initializing Products app...
2023-05-19 11:54:17,667] - run - INFO in products:37:post       Received a POST request
2023-05-19 11:54:17,668] - run - INFO in products:39:post       Received a POST request, with data,[{'product_name': 'wide belt', 'primary_colour': 'BLACK', 'secondary_colour': 'BLACK', 'price': 'ac4c8acc-0108-11ed-aff4-6c8814a20f80', 'category': '8996e338-0106-11ed-aff4-6c8814a20f80', 'product_description': 'wide belt', 'quantity': 5}]
2023-05-19 11:54:17,669] - run - INFO in products:22:__del__    Destroying Products App ...
2023-05-19 13:50:24,466] - run - INFO in products:14:__init__   Initializing Products app...
2023-05-19 13:50:24,675] - run - INFO in products:22:__del__    Destroying Products App ...
2023-05-19 13:55:47,923] - run - INFO in products:14:__init__   Initializing Products app...
2023-05-19 13:55:47,986] - run - INFO in products:36:post       Received a POST request
2023-05-19 13:55:47,987] - run - INFO in products:38:post       Received a POST request, with data,[{'product_name': 'wide belt', 'primary_colour': 'BLACK', 'secondary_colour': 'BLACK', 'price': 'ac4c8acc-0108-11ed-aff4-6c8814a20f80', 'category': '8996e338-0106-11ed-aff4-6c8814a20f80', 'product_description': 'wide belt', 'quantity': 5}]
2023-05-19 13:55:47,987] - run - INFO in products:21:__del__    Destroying Products App ...
2023-05-19 13:56:54,321] - run - INFO in products:14:__init__   Initializing Products app...
2023-05-19 13:56:54,378] - run - INFO in products:36:post       Received a POST request
2023-05-19 13:56:54,379] - run - INFO in products:38:post       Received a POST request, with data,[{'product_name': 'wide belt', 'primary_colour': 'BLACK', 'secondary_colour': 'BLACK', 'price': 'ac4c8acc-0108-11ed-aff4-6c8814a20f80', 'category': '8996e338-0106-11ed-aff4-6c8814a20f80', 'product_description': 'wide belt', 'quantity': 5}]
2023-05-19 13:56:54,379] - run - INFO in products:21:__del__    Destroying Products App ...
2023-05-19 14:02:47,208] - run - INFO in products:14:__init__   Initializing Products app...
2023-05-19 14:02:47,273] - run - INFO in products:31:get        Received a GET request 
2023-05-19 14:02:47,274] - run - INFO in products:21:__del__    Destroying Products App ...
2023-05-19 14:03:12,909] - run - INFO in products:14:__init__   Initializing Products app...
2023-05-19 14:03:12,927] - run - INFO in products:31:get        Received a GET request 
2023-05-19 14:03:12,927] - run - INFO in products:21:__del__    Destroying Products App ...
2023-05-19 14:05:36,095] - run - INFO in products:14:__init__   Initializing Products app...
2023-05-19 14:05:36,157] - run - INFO in products:31:get        Received a GET request 
2023-05-19 14:05:36,158] - run - INFO in products:21:__del__    Destroying Products App ...
2023-05-19 14:05:58,300] - run - INFO in products:14:__init__   Initializing Products app...
2023-05-19 14:05:58,367] - run - INFO in products:21:__del__    Destroying Products App ...
2023-05-19 14:10:14,845] - run - INFO in products:14:__init__   Initializing Products app...
2023-05-19 14:10:14,910] - run - INFO in products:21:__del__    Destroying Products App ...
2023-05-19 14:10:44,277] - run - INFO in products:14:__init__   Initializing Products app...
2023-05-19 14:10:44,293] - run - INFO in products:21:__del__    Destroying Products App ...
2023-05-19 14:15:08,524] - run - INFO in products:14:__init__   Initializing Products app...
2023-05-19 14:15:08,539] - run - INFO in products:21:__del__    Destroying Products App ...
2023-05-19 14:15:16,572] - run - INFO in products:14:__init__   Initializing Products app...
2023-05-19 14:15:16,590] - run - INFO in products:21:__del__    Destroying Products App ...
2023-05-19 14:15:53,165] - run - INFO in products:14:__init__   Initializing Products app...
2023-05-19 14:15:53,227] - run - INFO in products:31:get        Received a GET request
2023-05-19 14:15:53,233] - run - INFO in products:21:__del__    Destroying Products App ...
2023-05-19 14:23:09,464] - run - INFO in products:14:__init__   Initializing Products app...
2023-05-19 14:23:09,521] - run - INFO in products:31:get        Received a GET request
2023-05-19 14:23:09,525] - run - INFO in products:21:__del__    Destroying Products App ...
2023-05-19 14:26:08,550] - run - INFO in products:14:__init__   Initializing Products app...
2023-05-19 14:26:08,620] - run - INFO in products:31:get        Received a GET request
2023-05-19 14:26:33,029] - run - INFO in products:14:__init__   Initializing Products app...
2023-05-19 14:26:33,089] - run - INFO in products:31:get        Received a GET request
2023-05-19 14:26:33,094] - run - INFO in products:21:__del__    Destroying Products App ...
2023-05-19 14:34:51,982] - run - INFO in products:14:__init__   Initializing Products app...
2023-05-19 14:34:52,047] - run - INFO in products:31:get        Received a GET request
2023-05-19 14:34:52,053] - run - INFO in products:21:__del__    Destroying Products App ...
2023-05-19 14:35:58,306] - run - INFO in products:14:__init__   Initializing Products app...
2023-05-19 14:35:58,365] - run - INFO in products:31:get        Received a GET request
2023-05-19 14:35:58,370] - run - INFO in products:21:__del__    Destroying Products App ...
2023-05-19 14:39:03,492] - run - INFO in products:14:__init__   Initializing Products app...
2023-05-19 14:39:03,549] - run - INFO in products:31:get        Received a GET request
2023-05-19 14:39:03,553] - run - INFO in products:21:__del__    Destroying Products App ...
2023-05-19 14:39:36,732] - run - INFO in products:14:__init__   Initializing Products app...
2023-05-19 14:39:36,787] - run - INFO in products:31:get        Received a GET request
2023-05-19 14:39:36,792] - run - INFO in products:21:__del__    Destroying Products App ...
2023-05-19 14:41:06,263] - run - INFO in products:14:__init__   Initializing Products app...
2023-05-19 14:41:06,335] - run - INFO in products:31:get        Received a GET request
2023-05-19 14:41:06,336] - run - INFO in products:21:__del__    Destroying Products App ...
2023-05-19 14:47:20,723] - run - INFO in products:14:__init__   Initializing Products app...
2023-05-19 14:47:20,787] - run - INFO in products:31:get        Received a GET request
2023-05-19 14:47:20,792] - run - INFO in products:21:__del__    Destroying Products App ...
2023-05-19 14:54:59,937] - run - INFO in products:14:__init__   Initializing Products app...
2023-05-19 14:54:59,995] - run - INFO in products:31:get        Received a GET request
2023-05-19 14:54:59,999] - run - INFO in products:21:__del__    Destroying Products App ...
2023-05-19 16:38:15,095] - run - INFO in products:14:__init__   Initializing Products app...
2023-05-19 16:38:15,180] - run - INFO in products:31:get        Received a GET request
2023-05-19 16:38:15,184] - run - INFO in products:21:__del__    Destroying Products App ...
2023-05-19 16:43:54,058] - run - INFO in products:14:__init__   Initializing Products app...
2023-05-19 16:43:54,072] - run - INFO in products:31:get        Received a GET request
2023-05-19 16:43:54,074] - run - INFO in products:21:__del__    Destroying Products App ...
2023-05-19 16:44:35,945] - run - INFO in products:14:__init__   Initializing Products app...
2023-05-19 16:44:35,959] - run - INFO in products:31:get        Received a GET request
2023-05-19 16:44:35,961] - run - INFO in products:21:__del__    Destroying Products App ...
2023-05-19 16:51:01,787] - run - INFO in products:14:__init__   Initializing Products app...
2023-05-19 16:51:02,326] - run - INFO in products:31:get        Received a GET request
2023-05-19 16:51:02,331] - run - INFO in products:21:__del__    Destroying Products App ...
2023-05-19 16:51:08,628] - run - INFO in products:14:__init__   Initializing Products app...
2023-05-19 16:51:08,645] - run - INFO in products:36:post       Received a POST request
2023-05-19 16:51:08,647] - run - INFO in products:21:__del__    Destroying Products App ...
2023-05-19 17:06:06,563] - run - INFO in products:14:__init__   Initializing Products app...
2023-05-19 17:06:06,637] - run - INFO in products:31:get        Received a GET request
2023-05-19 17:06:06,643] - run - INFO in products:21:__del__    Destroying Products App ...
2023-05-19 17:06:12,024] - run - INFO in products:14:__init__   Initializing Products app...
2023-05-19 17:06:12,038] - run - INFO in products:36:post       Received a POST request
2023-05-19 17:06:12,041] - run - INFO in products:38:post       Received a POST request, with data,ImmutableMultiDict([])
2023-05-19 17:07:03,797] - run - INFO in products:14:__init__   Initializing Products app...
2023-05-19 17:07:03,864] - run - INFO in products:31:get        Received a GET request
2023-05-19 17:07:03,865] - run - INFO in products:21:__del__    Destroying Products App ...
2023-05-19 17:07:10,042] - run - INFO in products:14:__init__   Initializing Products app...
2023-05-19 17:07:10,056] - run - INFO in products:31:get        Received a GET request
2023-05-19 17:07:10,062] - run - INFO in products:21:__del__    Destroying Products App ...
2023-05-19 17:07:15,030] - run - INFO in products:14:__init__   Initializing Products app...
2023-05-19 17:07:15,048] - run - INFO in products:36:post       Received a POST request
2023-05-19 17:07:15,052] - run - INFO in products:38:post       Received a POST request, with data,ImmutableMultiDict([])
2023-05-19 17:07:15,052] - run - INFO in products:21:__del__    Destroying Products App ...
2023-05-19 17:08:06,815] - run - INFO in products:14:__init__   Initializing Products app...
2023-05-19 17:08:06,875] - run - INFO in products:31:get        Received a GET request
2023-05-19 17:08:06,883] - run - INFO in products:21:__del__    Destroying Products App ...
2023-05-19 17:08:11,075] - run - INFO in products:14:__init__   Initializing Products app...
2023-05-19 17:08:11,089] - run - INFO in products:36:post       Received a POST request
2023-05-19 17:08:11,092] - run - INFO in products:38:post       Received a POST request, with data,ImmutableMultiDict([])
2023-05-19 17:08:11,093] - run - INFO in products:21:__del__    Destroying Products App ...
2023-05-19 17:08:52,981] - run - INFO in products:14:__init__   Initializing Products app...
2023-05-19 17:08:53,049] - run - INFO in products:31:get        Received a GET request
2023-05-19 17:08:53,053] - run - INFO in products:21:__del__    Destroying Products App ...
2023-05-19 17:09:04,222] - run - INFO in products:14:__init__   Initializing Products app...
2023-05-19 17:09:04,237] - run - INFO in products:36:post       Received a POST request
2023-05-19 17:09:04,240] - run - INFO in products:38:post       Received a POST request, with data,ImmutableMultiDict([])
2023-05-19 17:09:04,241] - run - INFO in products:21:__del__    Destroying Products App ...
2023-05-19 17:12:37,905] - run - INFO in products:14:__init__   Initializing Products app...
2023-05-19 17:12:37,983] - run - INFO in products:31:get        Received a GET request
2023-05-19 17:12:37,988] - run - INFO in products:21:__del__    Destroying Products App ...
2023-05-19 17:12:46,317] - run - INFO in products:14:__init__   Initializing Products app...
2023-05-19 17:12:46,332] - run - INFO in products:36:post       Received a POST request
2023-05-19 17:12:46,335] - run - INFO in products:38:post       Received a POST request, with data,ImmutableMultiDict([])
2023-05-19 17:13:17,876] - run - INFO in products:14:__init__   Initializing Products app...
2023-05-19 17:13:17,943] - run - INFO in products:31:get        Received a GET request
2023-05-19 17:13:17,948] - run - INFO in products:21:__del__    Destroying Products App ...
2023-05-19 17:13:22,983] - run - INFO in products:14:__init__   Initializing Products app...
2023-05-19 17:13:23,000] - run - INFO in products:36:post       Received a POST request
2023-05-19 17:13:23,004] - run - INFO in products:38:post       Received a POST request, with data,ImmutableMultiDict([])
2023-05-19 17:13:23,004] - run - INFO in products:21:__del__    Destroying Products App ...
2023-05-19 17:37:42,681] - run - INFO in products:15:__init__   Initializing Products app...
2023-05-19 17:37:42,865] - run - INFO in products:32:get        Received a GET request
2023-05-19 17:37:42,872] - run - INFO in products:22:__del__    Destroying Products App ...
2023-05-19 17:37:47,016] - run - INFO in products:15:__init__   Initializing Products app...
2023-05-19 17:37:47,033] - run - INFO in products:37:post       Received a POST request
2023-05-19 17:39:06,405] - run - INFO in products:15:__init__   Initializing Products app...
2023-05-19 17:39:06,463] - run - INFO in products:37:post       Received a POST request
2023-05-19 17:39:06,468] - run - INFO in products:22:__del__    Destroying Products App ...
2023-05-19 17:43:06,560] - run - INFO in products:15:__init__   Initializing Products app...
2023-05-19 17:43:06,616] - run - INFO in products:37:post       Received a POST request
2023-05-19 17:43:06,621] - run - INFO in products:22:__del__    Destroying Products App ...
2023-05-19 17:47:49,801] - run - INFO in products:16:__init__   Initializing Products app...
2023-05-19 17:47:49,868] - run - INFO in products:38:post       Received a POST request
2023-05-19 17:47:49,872] - run - INFO in products:23:__del__    Destroying Products App ...
2023-05-19 17:56:33,017] - run - INFO in products:16:__init__   Initializing Products app...
2023-05-19 17:56:33,071] - run - INFO in products:38:post       Received a POST request
2023-05-19 17:56:54,796] - run - INFO in products:16:__init__   Initializing Products app...
2023-05-19 17:56:54,854] - run - INFO in products:38:post       Received a POST request
2023-05-19 17:57:25,955] - run - INFO in products:23:__del__    Destroying Products App ...
2023-05-19 17:57:34,295] - run - INFO in products:16:__init__   Initializing Products app...
2023-05-19 17:57:34,357] - run - INFO in products:38:post       Received a POST request
2023-05-19 17:57:36,150] - run - INFO in products:16:__init__   Initializing Products app...
2023-05-19 17:57:36,167] - run - INFO in products:38:post       Received a POST request
2023-05-19 18:08:54,239] - run - INFO in products:16:__init__   Initializing Products app...
2023-05-19 18:08:54,362] - run - INFO in products:33:get        Received a GET request
2023-05-19 18:09:16,354] - run - INFO in products:16:__init__   Initializing Products app...
2023-05-19 18:09:16,413] - run - INFO in products:33:get        Received a GET request
2023-05-19 18:09:16,417] - run - INFO in products:23:__del__    Destroying Products App ...
2023-05-19 18:09:22,130] - run - INFO in products:16:__init__   Initializing Products app...
2023-05-19 18:09:22,143] - run - INFO in products:38:post       Received a POST request
2023-05-19 18:09:56,398] - run - INFO in products:23:__del__    Destroying Products App ...
2023-05-19 18:10:12,111] - run - INFO in products:16:__init__   Initializing Products app...
2023-05-19 18:10:12,174] - run - INFO in products:38:post       Received a POST request
2023-05-19 18:19:25,466] - run - INFO in products:16:__init__   Initializing Products app...
2023-05-19 18:19:25,686] - run - INFO in products:38:post       Received a POST request
2023-05-19 18:19:25,695] - run - INFO in products:23:__del__    Destroying Products App ...
2023-05-19 18:19:52,519] - run - INFO in products:16:__init__   Initializing Products app...
2023-05-19 18:19:52,594] - run - INFO in products:38:post       Received a POST request
2023-05-19 18:49:27,315] - run - INFO in products:16:__init__   Initializing Products app...
2023-05-19 18:49:27,388] - run - INFO in products:38:post       Received a POST request
2023-05-19 18:49:49,390] - run - INFO in products:23:__del__    Destroying Products App ...
2023-05-19 18:49:54,332] - run - INFO in products:16:__init__   Initializing Products app...
2023-05-19 18:49:54,459] - run - INFO in products:38:post       Received a POST request
2023-05-19 18:49:54,508] - run - INFO in products:23:__del__    Destroying Products App ...
2023-05-19 18:51:44,408] - run - INFO in products:16:__init__   Initializing Products app...
2023-05-19 18:51:44,465] - run - INFO in products:38:post       Received a POST request
2023-05-19 18:52:09,433] - run - INFO in products:23:__del__    Destroying Products App ...
2023-05-19 18:52:21,740] - run - INFO in products:16:__init__   Initializing Products app...
2023-05-19 18:52:21,800] - run - INFO in products:38:post       Received a POST request
2023-05-19 18:52:21,847] - run - INFO in products:23:__del__    Destroying Products App ...
2023-05-19 18:53:23,728] - run - INFO in products:16:__init__   Initializing Products app...
2023-05-19 18:53:23,788] - run - INFO in products:38:post       Received a POST request
2023-05-19 18:53:23,836] - run - INFO in products:23:__del__    Destroying Products App ...
2023-05-21 19:59:37,800] - run - INFO in products:16:__init__   Initializing Products app...
2023-05-21 19:59:40,090] - run - INFO in products:33:get        Received a GET request
2023-05-21 19:59:40,112] - run - INFO in products:23:__del__    Destroying Products App ...
2023-05-21 20:00:12,986] - run - INFO in products:16:__init__   Initializing Products app...
2023-05-21 20:00:13,002] - run - INFO in products:38:post       Received a POST request
2023-05-21 20:00:13,062] - run - INFO in products:23:__del__    Destroying Products App ...
2023-05-21 20:03:06,030] - run - INFO in products:16:__init__   Initializing Products app...
2023-05-21 20:03:06,086] - run - INFO in products:33:get        Received a GET request
2023-05-21 20:03:06,092] - run - INFO in products:23:__del__    Destroying Products App ...
2023-05-21 20:03:18,190] - run - INFO in products:16:__init__   Initializing Products app...
2023-05-21 20:03:18,205] - run - INFO in products:38:post       Received a POST request
2023-05-21 20:12:57,117] - run - INFO in products:16:__init__   Initializing Products app...
2023-05-21 20:12:57,178] - run - INFO in products:38:post       Received a POST request
2023-05-21 20:12:57,214] - run - INFO in products:23:__del__    Destroying Products App ...
2023-05-21 20:13:10,692] - run - INFO in products:16:__init__   Initializing Products app...
2023-05-21 20:13:10,706] - run - INFO in products:38:post       Received a POST request
2023-05-21 20:13:39,360] - run - INFO in products:23:__del__    Destroying Products App ...
2023-05-21 20:13:49,672] - run - INFO in products:16:__init__   Initializing Products app...
2023-05-21 20:13:49,733] - run - INFO in products:38:post       Received a POST request
2023-05-21 20:13:49,741] - run - INFO in products:23:__del__    Destroying Products App ...
2023-05-21 20:15:16,030] - run - INFO in products:16:__init__   Initializing Products app...
2023-05-21 20:15:16,089] - run - INFO in products:38:post       Received a POST request
2023-05-21 20:15:16,092] - run - ERROR in products:83:process_file Unable to process due to: 'utf-8' codec can't decode byte 0xd3 in position 161726: invalid continuation byte
2023-05-21 20:15:50,738] - run - INFO in products:16:__init__   Initializing Products app...
2023-05-21 20:15:50,803] - run - INFO in products:38:post       Received a POST request
2023-05-21 20:19:34,712] - run - INFO in products:16:__init__   Initializing Products app...
2023-05-21 20:20:15,329] - run - INFO in products:16:__init__   Initializing Products app...
2023-05-21 20:20:15,886] - run - INFO in products:38:post       Received a POST request
2023-05-21 20:20:16,044] - run - INFO in products:23:__del__    Destroying Products App ...
2023-05-21 20:20:34,656] - run - INFO in products:16:__init__   Initializing Products app...
2023-05-21 20:20:34,671] - run - INFO in products:38:post       Received a POST request
2023-05-21 20:20:34,774] - run - INFO in products:23:__del__    Destroying Products App ...
2023-05-21 20:21:07,115] - run - INFO in products:16:__init__   Initializing Products app...
2023-05-21 20:21:07,197] - run - INFO in products:38:post       Received a POST request
2023-05-21 20:21:07,335] - run - INFO in products:23:__del__    Destroying Products App ...
2023-05-21 20:21:29,482] - run - INFO in products:16:__init__   Initializing Products app...
2023-05-21 20:21:29,542] - run - INFO in products:38:post       Received a POST request
2023-05-21 20:21:29,701] - run - INFO in products:23:__del__    Destroying Products App ...
2023-05-21 20:22:25,401] - run - INFO in products:16:__init__   Initializing Products app...
2023-05-21 20:22:25,455] - run - INFO in products:38:post       Received a POST request
2023-05-21 20:22:25,490] - run - INFO in products:23:__del__    Destroying Products App ...
2023-05-21 20:23:06,099] - run - INFO in products:16:__init__   Initializing Products app...
2023-05-21 20:23:06,151] - run - INFO in products:38:post       Received a POST request
2023-05-21 20:23:06,186] - run - INFO in products:23:__del__    Destroying Products App ...
2023-05-21 20:24:08,442] - run - INFO in products:16:__init__   Initializing Products app...
2023-05-21 20:24:08,517] - run - INFO in products:38:post       Received a POST request
2023-05-21 20:24:08,554] - run - INFO in products:23:__del__    Destroying Products App ...
2023-05-21 20:24:42,067] - run - INFO in products:16:__init__   Initializing Products app...
2023-05-21 20:24:42,119] - run - INFO in products:38:post       Received a POST request
2023-05-21 20:24:42,154] - run - INFO in products:23:__del__    Destroying Products App ...
2023-05-21 20:26:19,635] - run - INFO in products:16:__init__   Initializing Products app...
2023-05-21 20:26:19,945] - run - INFO in products:38:post       Received a POST request
2023-05-21 20:26:19,950] - run - ERROR in products:72:process_file Unable to process due to: 'utf-8' codec can't decode byte 0xd3 in position 161726: invalid continuation byte
2023-05-21 20:26:59,438] - run - INFO in products:16:__init__   Initializing Products app...
2023-05-21 20:26:59,518] - run - INFO in products:38:post       Received a POST request
2023-05-21 20:26:59,523] - run - ERROR in products:72:process_file Unable to process due to: 'utf-8' codec can't decode byte 0xd3 in position 161726: invalid continuation byte
2023-05-21 20:27:05,839] - run - INFO in products:16:__init__   Initializing Products app...
2023-05-21 20:27:05,850] - run - INFO in products:38:post       Received a POST request
2023-05-21 20:27:05,855] - run - ERROR in products:72:process_file Unable to process due to: 'utf-8' codec can't decode byte 0xd3 in position 161726: invalid continuation byte
2023-05-21 20:27:23,018] - run - INFO in products:16:__init__   Initializing Products app...
2023-05-21 20:27:23,072] - run - INFO in products:38:post       Received a POST request
2023-05-21 20:27:23,106] - run - INFO in products:23:__del__    Destroying Products App ...
2023-05-21 20:29:51,207] - run - INFO in products:16:__init__   Initializing Products app...
2023-05-21 20:29:51,234] - run - INFO in products:38:post       Received a POST request
2023-05-21 20:29:51,264] - run - INFO in products:23:__del__    Destroying Products App ...
2023-05-21 20:30:55,358] - run - INFO in products:16:__init__   Initializing Products app...
2023-05-21 20:30:55,377] - run - INFO in products:38:post       Received a POST request
2023-05-21 20:30:55,420] - run - INFO in products:23:__del__    Destroying Products App ...
